execve("./hello", ["./hello"], 0x7ffeefd27878 /* 70 vars */) = 0 <0.000138>
brk(NULL)                               = 0x5560b39b2000 <0.000003>
arch_prctl(0x3001 /* ARCH_??? */, 0x7ffc7d3f5f40) = -1 EINVAL (Invalid argument) <0.000003>
mmap(NULL, 8192, PROT_READ|PROT_WRITE, MAP_PRIVATE|MAP_ANONYMOUS, -1, 0) = 0x7f06f8c12000 <0.000004>
access("/etc/ld.so.preload", R_OK)      = -1 ENOENT (No such file or directory) <0.000006>
openat(AT_FDCWD, "/etc/ld.so.cache", O_RDONLY|O_CLOEXEC) = 3 <0.000005>
newfstatat(3, "", {st_mode=S_IFREG|0644, st_size=57679, ...}, AT_EMPTY_PATH) = 0 <0.000004>
mmap(NULL, 57679, PROT_READ, MAP_PRIVATE, 3, 0) = 0x7f06f8c03000 <0.000004>
close(3)                                = 0 <0.000003>
openat(AT_FDCWD, "/lib/x86_64-linux-gnu/libc.so.6", O_RDONLY|O_CLOEXEC) = 3 <0.000005>
read(3, "\177ELF\2\1\1\3\0\0\0\0\0\0\0\0\3\0>\0\1\0\0\0P\237\2\0\0\0\0\0"..., 832) = 832 <0.000004>
pread64(3, "\6\0\0\0\4\0\0\0@\0\0\0\0\0\0\0@\0\0\0\0\0\0\0@\0\0\0\0\0\0\0"..., 784, 64) = 784 <0.000004>
pread64(3, "\4\0\0\0 \0\0\0\5\0\0\0GNU\0\2\0\0\300\4\0\0\0\3\0\0\0\0\0\0\0"..., 48, 848) = 48 <0.000004>
pread64(3, "\4\0\0\0\24\0\0\0\3\0\0\0GNU\0i8\235HZ\227\223\333\350s\360\352,\223\340."..., 68, 896) = 68 <0.000003>
newfstatat(3, "", {st_mode=S_IFREG|0644, st_size=2216304, ...}, AT_EMPTY_PATH) = 0 <0.000004>
pread64(3, "\6\0\0\0\4\0\0\0@\0\0\0\0\0\0\0@\0\0\0\0\0\0\0@\0\0\0\0\0\0\0"..., 784, 64) = 784 <0.000003>
mmap(NULL, 2260560, PROT_READ, MAP_PRIVATE|MAP_DENYWRITE, 3, 0) = 0x7f06f89db000 <0.000006>
mmap(0x7f06f8a03000, 1658880, PROT_READ|PROT_EXEC, MAP_PRIVATE|MAP_FIXED|MAP_DENYWRITE, 3, 0x28000) = 0x7f06f8a03000 <0.000010>
mmap(0x7f06f8b98000, 360448, PROT_READ, MAP_PRIVATE|MAP_FIXED|MAP_DENYWRITE, 3, 0x1bd000) = 0x7f06f8b98000 <0.000007>
mmap(0x7f06f8bf0000, 24576, PROT_READ|PROT_WRITE, MAP_PRIVATE|MAP_FIXED|MAP_DENYWRITE, 3, 0x214000) = 0x7f06f8bf0000 <0.000006>
mmap(0x7f06f8bf6000, 52816, PROT_READ|PROT_WRITE, MAP_PRIVATE|MAP_FIXED|MAP_ANONYMOUS, -1, 0) = 0x7f06f8bf6000 <0.000005>
close(3)                                = 0 <0.000003>
mmap(NULL, 12288, PROT_READ|PROT_WRITE, MAP_PRIVATE|MAP_ANONYMOUS, -1, 0) = 0x7f06f89d8000 <0.000004>
arch_prctl(ARCH_SET_FS, 0x7f06f89d8740) = 0 <0.000003>
set_tid_address(0x7f06f89d8a10)         = 8292 <0.000003>
set_robust_list(0x7f06f89d8a20, 24)     = 0 <0.000003>
rseq(0x7f06f89d90e0, 0x20, 0, 0x53053053) = 0 <0.000003>
mprotect(0x7f06f8bf0000, 16384, PROT_READ) = 0 <0.000006>
mprotect(0x5560b2073000, 4096, PROT_READ) = 0 <0.000005>
mprotect(0x7f06f8c4c000, 8192, PROT_READ) = 0 <0.000006>
prlimit64(0, RLIMIT_STACK, NULL, {rlim_cur=8192*1024, rlim_max=RLIM64_INFINITY}) = 0 <0.000004>
munmap(0x7f06f8c03000, 57679)           = 0 <0.000008>
newfstatat(1, "", {st_mode=S_IFCHR|0620, st_rdev=makedev(0x88, 0), ...}, AT_EMPTY_PATH) = 0 <0.000005>
getrandom("\xbf\xb6\xd6\xe3\x51\xc1\x06\x77", 8, GRND_NONBLOCK) = 8 <0.000004>
brk(NULL)                               = 0x5560b39b2000 <0.000003>
brk(0x5560b39d3000)                     = 0x5560b39d3000 <0.000004>
write(1, "hello world\n", 12)           = 12 <0.000009>
exit_group(0)                           = ?
+++ exited with 0 +++
